[2023-09-26 17:38:25] Documentation updates - Session #1 - 686c061193840
[2023-09-26 17:38:25] Performance enhancements - Session #2 - 686c061194fff
[2023-09-27 17:38:25] UI/UX enhancements - Session #3 - 686c06119688e
[2023-09-27 17:38:25] Documentation updates - Session #4 - 686c061198474
[2023-09-27 17:38:25] Security improvements - Session #5 - 686c061199e6a
[2023-09-27 17:38:25] Bug fixes and improvements - Session #6 - 686c06119de3d
[2023-09-28 17:38:25] UI/UX enhancements - Session #7 - 686c06119ff5e
[2023-09-28 17:38:25] Feature development and testing - Session #8 - 686c0611a1722
[2023-09-28 17:38:25] Security improvements - Session #9 - 686c0611a2e01
[2023-09-29 17:38:25] Code optimization and refactoring - Session #10 - 686c0611a483d
[2023-09-29 17:38:25] Code optimization and refactoring - Session #11 - 686c0611a5f70
[2023-09-30 17:38:25] UI/UX enhancements - Session #12 - 686c0611a78b9
[2023-09-30 17:38:25] Performance enhancements - Session #13 - 686c0611a9020
[2023-09-30 17:38:25] Code optimization and refactoring - Session #14 - 686c0611aa720
[2023-09-30 17:38:25] UI/UX enhancements - Session #15 - 686c0611ac079
[2023-09-30 17:38:25] UI/UX enhancements - Session #16 - 686c0611ada3f
[2023-09-30 17:38:25] Code review and cleanup - Session #17 - 686c0611afaea
[2023-10-01 17:38:25] Code review and cleanup - Session #18 - 686c0611b174d
[2023-10-01 17:38:25] Code optimization and refactoring - Session #19 - 686c0611b33c3
[2023-10-01 17:38:25] UI/UX enhancements - Session #20 - 686c0611b4fc8
[2023-10-02 17:38:25] UI/UX enhancements - Session #21 - 686c0611b6c58
[2023-10-03 17:38:25] Code review and cleanup - Session #22 - 686c0611b8633
[2023-10-04 17:38:25] Bug fixes and improvements - Session #23 - 686c0611ba1d0
[2023-10-04 17:38:25] UI/UX enhancements - Session #24 - 686c0611bbe93
